# JRE version: OpenJDK Runtime Environment (8.0_76-b03) (build 1.8.0_76-release-b03)
# Java VM: OpenJDK 64-Bit Server VM (25.76-b03 mixed mode windows-amd64 compressed oops)
Heap:
 PSYoungGen      total 66560K, used 49513K [0x00000000eab00000, 0x00000000f0380000, 0x0000000100000000)
  eden space 50688K, 66% used [0x00000000eab00000,0x00000000ecbe0560,0x00000000edc80000)
  from space 15872K, 99% used [0x00000000eee80000,0x00000000efdf9eb8,0x00000000efe00000)
  to   space 18432K, 0% used [0x00000000edc80000,0x00000000edc80000,0x00000000eee80000)
 ParOldGen       total 74752K, used 50648K [0x00000000c0000000, 0x00000000c4900000, 0x00000000eab00000)
  object space 74752K, 67% used [0x00000000c0000000,0x00000000c3176068,0x00000000c4900000)
 Metaspace       used 6531K, capacity 7222K, committed 7296K, reserved 1056768K
  class space    used 605K, capacity 622K, committed 640K, reserved 1048576K
GC Heap History (10 events):
Event: 7.739 GC heap before
{Heap before GC invocations=11 (full 1):
 PSYoungGen      total 35328K, used 32768K [0x00000000eab00000, 0x00000000ef580000, 0x0000000100000000)
  eden space 32768K, 100% used [0x00000000eab00000,0x00000000ecb00000,0x00000000ecb00000)
  from space 2560K, 0% used [0x00000000ecb00000,0x00000000ecb00000,0x00000000ecd80000)
  to   space 11776K, 0% used [0x00000000eea00000,0x00000000eea00000,0x00000000ef580000)
 ParOldGen       total 74752K, used 37054K [0x00000000c0000000, 0x00000000c4900000, 0x00000000eab00000)
  object space 74752K, 49% used [0x00000000c0000000,0x00000000c242f970,0x00000000c4900000)
 Metaspace       used 6356K, capacity 7216K, committed 7296K, reserved 1056768K
  class space    used 578K, capacity 616K, committed 640K, reserved 1048576K
Event: 7.851 GC heap after
Heap after GC invocations=11 (full 1):
 PSYoungGen      total 42496K, used 4992K [0x00000000eab00000, 0x00000000eef00000, 0x0000000100000000)
  eden space 37376K, 0% used [0x00000000eab00000,0x00000000eab00000,0x00000000ecf80000)
  from space 5120K, 97% used [0x00000000eea00000,0x00000000eeee0000,0x00000000eef00000)
  to   space 11264K, 0% used [0x00000000ed900000,0x00000000ed900000,0x00000000ee400000)
 ParOldGen       total 74752K, used 37054K [0x00000000c0000000, 0x00000000c4900000, 0x00000000eab00000)
  object space 74752K, 49% used [0x00000000c0000000,0x00000000c242f970,0x00000000c4900000)
 Metaspace       used 6356K, capacity 7216K, committed 7296K, reserved 1056768K
  class space    used 578K, capacity 616K, committed 640K, reserved 1048576K
}
Event: 9.302 GC heap before
{Heap before GC invocations=12 (full 1):
 PSYoungGen      total 42496K, used 42368K [0x00000000eab00000, 0x00000000eef00000, 0x0000000100000000)
  eden space 37376K, 100% used [0x00000000eab00000,0x00000000ecf80000,0x00000000ecf80000)
  from space 5120K, 97% used [0x00000000eea00000,0x00000000eeee0000,0x00000000eef00000)
  to   space 11264K, 0% used [0x00000000ed900000,0x00000000ed900000,0x00000000ee400000)
 ParOldGen       total 74752K, used 37054K [0x00000000c0000000, 0x00000000c4900000, 0x00000000eab00000)
  object space 74752K, 49% used [0x00000000c0000000,0x00000000c242f970,0x00000000c4900000)
 Metaspace       used 6464K, capacity 7218K, committed 7296K, reserved 1056768K
  class space    used 598K, capacity 618K, committed 640K, reserved 1048576K
Event: 9.436 GC heap after
Heap after GC invocations=12 (full 1):
 PSYoungGen      total 53760K, used 10855K [0x00000000eab00000, 0x00000000eec80000, 0x0000000100000000)
  eden space 42496K, 0% used [0x00000000eab00000,0x00000000eab00000,0x00000000ed480000)
  from space 11264K, 96% used [0x00000000ed900000,0x00000000ee399c80,0x00000000ee400000)
  to   space 8704K, 0% used [0x00000000ee400000,0x00000000ee400000,0x00000000eec80000)
 ParOldGen       total 74752K, used 37062K [0x00000000c0000000, 0x00000000c4900000, 0x00000000eab00000)
  object space 74752K, 49% used [0x00000000c0000000,0x00000000c2431970,0x00000000c4900000)
 Metaspace       used 6464K, capacity 7218K, committed 7296K, reserved 1056768K
  class space    used 598K, capacity 618K, committed 640K, reserved 1048576K
}
Event: 11.704 GC heap before
{Heap before GC invocations=13 (full 1):
 PSYoungGen      total 53760K, used 53351K [0x00000000eab00000, 0x00000000eec80000, 0x0000000100000000)
  eden space 42496K, 100% used [0x00000000eab00000,0x00000000ed480000,0x00000000ed480000)
  from space 11264K, 96% used [0x00000000ed900000,0x00000000ee399c80,0x00000000ee400000)
  to   space 8704K, 0% used [0x00000000ee400000,0x00000000ee400000,0x00000000eec80000)
 ParOldGen       total 74752K, used 37062K [0x00000000c0000000, 0x00000000c4900000, 0x00000000eab00000)
  object space 74752K, 49% used [0x00000000c0000000,0x00000000c2431970,0x00000000c4900000)
 Metaspace       used 6466K, capacity 7218K, committed 7296K, reserved 1056768K
  class space    used 598K, capacity 618K, committed 640K, reserved 1048576K
Event: 12.038 GC heap after
Heap after GC invocations=13 (full 1):
 PSYoungGen      total 51712K, used 8700K [0x00000000eab00000, 0x00000000ef900000, 0x0000000100000000)
  eden space 43008K, 0% used [0x00000000eab00000,0x00000000eab00000,0x00000000ed500000)
  from space 8704K, 99% used [0x00000000ee400000,0x00000000eec7f1c8,0x00000000eec80000)
  to   space 15360K, 0% used [0x00000000ed500000,0x00000000ed500000,0x00000000ee400000)
 ParOldGen       total 74752K, used 44764K [0x00000000c0000000, 0x00000000c4900000, 0x00000000eab00000)
  object space 74752K, 59% used [0x00000000c0000000,0x00000000c2bb7258,0x00000000c4900000)
 Metaspace       used 6466K, capacity 7218K, committed 7296K, reserved 1056768K
  class space    used 598K, capacity 618K, committed 640K, reserved 1048576K
}
Event: 13.204 GC heap before
{Heap before GC invocations=14 (full 1):
 PSYoungGen      total 51712K, used 51708K [0x00000000eab00000, 0x00000000ef900000, 0x0000000100000000)
  eden space 43008K, 100% used [0x00000000eab00000,0x00000000ed500000,0x00000000ed500000)
  from space 8704K, 99% used [0x00000000ee400000,0x00000000eec7f1c8,0x00000000eec80000)
  to   space 15360K, 0% used [0x00000000ed500000,0x00000000ed500000,0x00000000ee400000)
 ParOldGen       total 74752K, used 44764K [0x00000000c0000000, 0x00000000c4900000, 0x00000000eab00000)
  object space 74752K, 59% used [0x00000000c0000000,0x00000000c2bb7258,0x00000000c4900000)
 Metaspace       used 6471K, capacity 7218K, committed 7296K, reserved 1056768K
  class space    used 598K, capacity 618K, committed 640K, reserved 1048576K
Event: 13.860 GC heap after
Heap after GC invocations=14 (full 1):
 PSYoungGen      total 58368K, used 10874K [0x00000000eab00000, 0x00000000efe00000, 0x0000000100000000)
  eden space 43008K, 0% used [0x00000000eab00000,0x00000000eab00000,0x00000000ed500000)
  from space 15360K, 70% used [0x00000000ed500000,0x00000000edf9e850,0x00000000ee400000)
  to   space 15872K, 0% used [0x00000000eee80000,0x00000000eee80000,0x00000000efe00000)
 ParOldGen       total 74752K, used 49212K [0x00000000c0000000, 0x00000000c4900000, 0x00000000eab00000)
  object space 74752K, 65% used [0x00000000c0000000,0x00000000c300f0a8,0x00000000c4900000)
 Metaspace       used 6471K, capacity 7218K, committed 7296K, reserved 1056768K
  class space    used 598K, capacity 618K, committed 640K, reserved 1048576K
}
Event: 14.485 GC heap before
{Heap before GC invocations=15 (full 1):
 PSYoungGen      total 58368K, used 53882K [0x00000000eab00000, 0x00000000efe00000, 0x0000000100000000)
  eden space 43008K, 100% used [0x00000000eab00000,0x00000000ed500000,0x00000000ed500000)
  from space 15360K, 70% used [0x00000000ed500000,0x00000000edf9e850,0x00000000ee400000)
  to   space 15872K, 0% used [0x00000000eee80000,0x00000000eee80000,0x00000000efe00000)
 ParOldGen       total 74752K, used 49212K [0x00000000c0000000, 0x00000000c4900000, 0x00000000eab00000)
  object space 74752K, 65% used [0x00000000c0000000,0x00000000c300f0a8,0x00000000c4900000)
 Metaspace       used 6478K, capacity 7218K, committed 7296K, reserved 1056768K
  class space    used 598K, capacity 618K, committed 640K, reserved 1048576K
Event: 14.616 GC heap after
Heap after GC invocations=15 (full 1):
 PSYoungGen      total 66560K, used 15847K [0x00000000eab00000, 0x00000000f0380000, 0x0000000100000000)
  eden space 50688K, 0% used [0x00000000eab00000,0x00000000eab00000,0x00000000edc80000)
  from space 15872K, 99% used [0x00000000eee80000,0x00000000efdf9eb8,0x00000000efe00000)
  to   space 18432K, 0% used [0x00000000edc80000,0x00000000edc80000,0x00000000eee80000)
 ParOldGen       total 74752K, used 50648K [0x00000000c0000000, 0x00000000c4900000, 0x00000000eab00000)
  object space 74752K, 67% used [0x00000000c0000000,0x00000000c3176068,0x00000000c4900000)
 Metaspace       used 6478K, capacity 7218K, committed 7296K, reserved 1056768K
  class space    used 598K, capacity 618K, committed 640K, reserved 1048576K
}

